<?xml version="1.0" encoding="UTF-8"?>
<testsuite name="com.mdview.markdown.InlineRendererTest" tests="9" skipped="0" failures="0" errors="0" timestamp="2026-07-27T17:46:22.771Z" hostname="DESKTOP-PKAOAJ6" time="0.071">
  <properties/>
  <testcase name="images fall back to their alt text" classname="com.mdview.markdown.InlineRendererTest" time="0.06"/>
  <testcase name="raw html tags are dropped but their content survives" classname="com.mdview.markdown.InlineRendererTest" time="0.002"/>
  <testcase name="an autolink becomes a link without extra text" classname="com.mdview.markdown.InlineRendererTest" time="0.001"/>
  <testcase name="nested emphasis keeps both styles" classname="com.mdview.markdown.InlineRendererTest" time="0.004"/>
  <testcase name="a link keeps its label and carries a url annotation" classname="com.mdview.markdown.InlineRendererTest" time="0.001"/>
  <testcase name="each formatted run gets its own span" classname="com.mdview.markdown.InlineRendererTest" time="0.0"/>
  <testcase name="an image without alt text falls back to its destination" classname="com.mdview.markdown.InlineRendererTest" time="0.0"/>
  <testcase name="formatting markers are stripped from the visible text" classname="com.mdview.markdown.InlineRendererTest" time="0.001"/>
  <testcase name="a soft break joins lines with a space but a hard break wraps" classname="com.mdview.markdown.InlineRendererTest" time="0.001"/>
  <system-out><![CDATA[]]></system-out>
  <system-err><![CDATA[]]></system-err>
</testsuite>
