<?xml version="1.0" encoding="UTF-8"?>
<testsuite name="com.mdview.data.DraftStoreTest" tests="9" skipped="0" failures="0" errors="0" timestamp="2026-07-27T17:46:22.587Z" hostname="DESKTOP-PKAOAJ6" time="0.175">
  <properties/>
  <testcase name="draftsForDifferentDocumentsDoNotCollide" classname="com.mdview.data.DraftStoreTest" time="0.122"/>
  <testcase name="aDocumentWithNoUriGetsTheUntitledKey" classname="com.mdview.data.DraftStoreTest" time="0.001"/>
  <testcase name="keysAreFilenameSafeAndDistinct" classname="com.mdview.data.DraftStoreTest" time="0.007"/>
  <testcase name="anAbsentDraftIsNull" classname="com.mdview.data.DraftStoreTest" time="0.004"/>
  <testcase name="savingAgainReplacesTheDraft" classname="com.mdview.data.DraftStoreTest" time="0.009"/>
  <testcase name="theStoreCreatesItsDirectoryOnDemand" classname="com.mdview.data.DraftStoreTest" time="0.009"/>
  <testcase name="aSavedDraftComesBack" classname="com.mdview.data.DraftStoreTest" time="0.006"/>
  <testcase name="clearingSomethingThatWasNeverThereIsHarmless" classname="com.mdview.data.DraftStoreTest" time="0.005"/>
  <testcase name="clearingRemovesTheDraft" classname="com.mdview.data.DraftStoreTest" time="0.006"/>
  <system-out><![CDATA[]]></system-out>
  <system-err><![CDATA[]]></system-err>
</testsuite>
